# JRE version: Java(TM) SE Runtime Environment (8.0_25-b17) (build 1.8.0_25-b17)
# Java VM: Java HotSpot(TM) 64-Bit Server VM (25.25-b02 mixed mode bsd-amd64 compressed oops)
Heap:
 PSYoungGen      total 31744K, used 19250K [0x000000076ab00000, 0x000000076cb00000, 0x00000007c0000000)
  eden space 31232K, 61% used [0x000000076ab00000,0x000000076bda48f8,0x000000076c980000)
  from space 512K, 31% used [0x000000076ca80000,0x000000076caa8000,0x000000076cb00000)
  to   space 512K, 0% used [0x000000076ca00000,0x000000076ca00000,0x000000076ca80000)
 ParOldGen       total 175104K, used 82213K [0x00000006c0000000, 0x00000006cab00000, 0x000000076ab00000)
  object space 175104K, 46% used [0x00000006c0000000,0x00000006c50496b8,0x00000006cab00000)
 Metaspace       used 18643K, capacity 19282K, committed 19584K, reserved 1067008K
  class space    used 2211K, capacity 2348K, committed 2432K, reserved 1048576K
GC Heap History (10 events):
Event: 277.747 GC heap before
{Heap before GC invocations=102 (full 0):
 PSYoungGen      total 31744K, used 31488K [0x000000076ab00000, 0x000000076cb00000, 0x00000007c0000000)
  eden space 31232K, 100% used [0x000000076ab00000,0x000000076c980000,0x000000076c980000)
  from space 512K, 50% used [0x000000076ca00000,0x000000076ca40000,0x000000076ca80000)
  to   space 512K, 0% used [0x000000076ca80000,0x000000076ca80000,0x000000076cb00000)
 ParOldGen       total 175104K, used 82101K [0x00000006c0000000, 0x00000006cab00000, 0x000000076ab00000)
  object space 175104K, 46% used [0x00000006c0000000,0x00000006c502d6b8,0x00000006cab00000)
 Metaspace       used 18640K, capacity 19276K, committed 19584K, reserved 1067008K
  class space    used 2211K, capacity 2347K, committed 2432K, reserved 1048576K
Event: 277.747 GC heap after
Heap after GC invocations=102 (full 0):
 PSYoungGen      total 31744K, used 192K [0x000000076ab00000, 0x000000076cb00000, 0x00000007c0000000)
  eden space 31232K, 0% used [0x000000076ab00000,0x000000076ab00000,0x000000076c980000)
  from space 512K, 37% used [0x000000076ca80000,0x000000076cab0000,0x000000076cb00000)
  to   space 512K, 0% used [0x000000076ca00000,0x000000076ca00000,0x000000076ca80000)
 ParOldGen       total 175104K, used 82141K [0x00000006c0000000, 0x00000006cab00000, 0x000000076ab00000)
  object space 175104K, 46% used [0x00000006c0000000,0x00000006c50376b8,0x00000006cab00000)
 Metaspace       used 18640K, capacity 19276K, committed 19584K, reserved 1067008K
  class space    used 2211K, capacity 2347K, committed 2432K, reserved 1048576K
}
Event: 280.138 GC heap before
{Heap before GC invocations=103 (full 0):
 PSYoungGen      total 31744K, used 31424K [0x000000076ab00000, 0x000000076cb00000, 0x00000007c0000000)
  eden space 31232K, 100% used [0x000000076ab00000,0x000000076c980000,0x000000076c980000)
  from space 512K, 37% used [0x000000076ca80000,0x000000076cab0000,0x000000076cb00000)
  to   space 512K, 0% used [0x000000076ca00000,0x000000076ca00000,0x000000076ca80000)
 ParOldGen       total 175104K, used 82141K [0x00000006c0000000, 0x00000006cab00000, 0x000000076ab00000)
  object space 175104K, 46% used [0x00000006c0000000,0x00000006c50376b8,0x00000006cab00000)
 Metaspace       used 18640K, capacity 19276K, committed 19584K, reserved 1067008K
  class space    used 2211K, capacity 2347K, committed 2432K, reserved 1048576K
Event: 280.139 GC heap after
Heap after GC invocations=103 (full 0):
 PSYoungGen      total 31744K, used 160K [0x000000076ab00000, 0x000000076cb00000, 0x00000007c0000000)
  eden space 31232K, 0% used [0x000000076ab00000,0x000000076ab00000,0x000000076c980000)
  from space 512K, 31% used [0x000000076ca00000,0x000000076ca28000,0x000000076ca80000)
  to   space 512K, 0% used [0x000000076ca80000,0x000000076ca80000,0x000000076cb00000)
 ParOldGen       total 175104K, used 82181K [0x00000006c0000000, 0x00000006cab00000, 0x000000076ab00000)
  object space 175104K, 46% used [0x00000006c0000000,0x00000006c50416b8,0x00000006cab00000)
 Metaspace       used 18640K, capacity 19276K, committed 19584K, reserved 1067008K
  class space    used 2211K, capacity 2347K, committed 2432K, reserved 1048576K
}
Event: 282.771 GC heap before
{Heap before GC invocations=104 (full 0):
 PSYoungGen      total 31744K, used 31392K [0x000000076ab00000, 0x000000076cb00000, 0x00000007c0000000)
  eden space 31232K, 100% used [0x000000076ab00000,0x000000076c980000,0x000000076c980000)
  from space 512K, 31% used [0x000000076ca00000,0x000000076ca28000,0x000000076ca80000)
  to   space 512K, 0% used [0x000000076ca80000,0x000000076ca80000,0x000000076cb00000)
 ParOldGen       total 175104K, used 82181K [0x00000006c0000000, 0x00000006cab00000, 0x000000076ab00000)
  object space 175104K, 46% used [0x00000006c0000000,0x00000006c50416b8,0x00000006cab00000)
 Metaspace       used 18640K, capacity 19276K, committed 19584K, reserved 1067008K
  class space    used 2211K, capacity 2347K, committed 2432K, reserved 1048576K
Event: 282.772 GC heap after
Heap after GC invocations=104 (full 0):
 PSYoungGen      total 31744K, used 160K [0x000000076ab00000, 0x000000076cb00000, 0x00000007c0000000)
  eden space 31232K, 0% used [0x000000076ab00000,0x000000076ab00000,0x000000076c980000)
  from space 512K, 31% used [0x000000076ca80000,0x000000076caa8000,0x000000076cb00000)
  to   space 512K, 0% used [0x000000076ca00000,0x000000076ca00000,0x000000076ca80000)
 ParOldGen       total 175104K, used 82197K [0x00000006c0000000, 0x00000006cab00000, 0x000000076ab00000)
  object space 175104K, 46% used [0x00000006c0000000,0x00000006c50456b8,0x00000006cab00000)
 Metaspace       used 18640K, capacity 19276K, committed 19584K, reserved 1067008K
  class space    used 2211K, capacity 2347K, committed 2432K, reserved 1048576K
}
Event: 285.406 GC heap before
{Heap before GC invocations=105 (full 0):
 PSYoungGen      total 31744K, used 31392K [0x000000076ab00000, 0x000000076cb00000, 0x00000007c0000000)
  eden space 31232K, 100% used [0x000000076ab00000,0x000000076c980000,0x000000076c980000)
  from space 512K, 31% used [0x000000076ca80000,0x000000076caa8000,0x000000076cb00000)
  to   space 512K, 0% used [0x000000076ca00000,0x000000076ca00000,0x000000076ca80000)
 ParOldGen       total 175104K, used 82197K [0x00000006c0000000, 0x00000006cab00000, 0x000000076ab00000)
  object space 175104K, 46% used [0x00000006c0000000,0x00000006c50456b8,0x00000006cab00000)
 Metaspace       used 18640K, capacity 19276K, committed 19584K, reserved 1067008K
  class space    used 2211K, capacity 2347K, committed 2432K, reserved 1048576K
Event: 285.407 GC heap after
Heap after GC invocations=105 (full 0):
 PSYoungGen      total 31744K, used 192K [0x000000076ab00000, 0x000000076cb00000, 0x00000007c0000000)
  eden space 31232K, 0% used [0x000000076ab00000,0x000000076ab00000,0x000000076c980000)
  from space 512K, 37% used [0x000000076ca00000,0x000000076ca30000,0x000000076ca80000)
  to   space 512K, 0% used [0x000000076ca80000,0x000000076ca80000,0x000000076cb00000)
 ParOldGen       total 175104K, used 82213K [0x00000006c0000000, 0x00000006cab00000, 0x000000076ab00000)
  object space 175104K, 46% used [0x00000006c0000000,0x00000006c50496b8,0x00000006cab00000)
 Metaspace       used 18640K, capacity 19276K, committed 19584K, reserved 1067008K
  class space    used 2211K, capacity 2347K, committed 2432K, reserved 1048576K
}
Event: 288.049 GC heap before
{Heap before GC invocations=106 (full 0):
 PSYoungGen      total 31744K, used 31424K [0x000000076ab00000, 0x000000076cb00000, 0x00000007c0000000)
  eden space 31232K, 100% used [0x000000076ab00000,0x000000076c980000,0x000000076c980000)
  from space 512K, 37% used [0x000000076ca00000,0x000000076ca30000,0x000000076ca80000)
  to   space 512K, 0% used [0x000000076ca80000,0x000000076ca80000,0x000000076cb00000)
 ParOldGen       total 175104K, used 82213K [0x00000006c0000000, 0x00000006cab00000, 0x000000076ab00000)
  object space 175104K, 46% used [0x00000006c0000000,0x00000006c50496b8,0x00000006cab00000)
 Metaspace       used 18640K, capacity 19276K, committed 19584K, reserved 1067008K
  class space    used 2211K, capacity 2347K, committed 2432K, reserved 1048576K
Event: 288.050 GC heap after
Heap after GC invocations=106 (full 0):
 PSYoungGen      total 31744K, used 160K [0x000000076ab00000, 0x000000076cb00000, 0x00000007c0000000)
  eden space 31232K, 0% used [0x000000076ab00000,0x000000076ab00000,0x000000076c980000)
  from space 512K, 31% used [0x000000076ca80000,0x000000076caa8000,0x000000076cb00000)
  to   space 512K, 0% used [0x000000076ca00000,0x000000076ca00000,0x000000076ca80000)
 ParOldGen       total 175104K, used 82213K [0x00000006c0000000, 0x00000006cab00000, 0x000000076ab00000)
  object space 175104K, 46% used [0x00000006c0000000,0x00000006c50496b8,0x00000006cab00000)
 Metaspace       used 18640K, capacity 19276K, committed 19584K, reserved 1067008K
  class space    used 2211K, capacity 2347K, committed 2432K, reserved 1048576K
}

