# JRE version: Java(TM) SE Runtime Environment (8.0_25-b17) (build 1.8.0_25-b17)
# Java VM: Java HotSpot(TM) 64-Bit Server VM (25.25-b02 mixed mode bsd-amd64 compressed oops)
Heap:
 PSYoungGen      total 30208K, used 5957K [0x000000076ab00000, 0x000000076ca00000, 0x00000007c0000000)
  eden space 29696K, 18% used [0x000000076ab00000,0x000000076b051750,0x000000076c800000)
  from space 512K, 100% used [0x000000076c900000,0x000000076c980000,0x000000076c980000)
  to   space 1024K, 0% used [0x000000076c800000,0x000000076c800000,0x000000076c900000)
 ParOldGen       total 175104K, used 105133K [0x00000006c0000000, 0x00000006cab00000, 0x000000076ab00000)
  object space 175104K, 60% used [0x00000006c0000000,0x00000006c66ab750,0x00000006cab00000)
 Metaspace       used 19233K, capacity 19892K, committed 20224K, reserved 1067008K
  class space    used 2267K, capacity 2433K, committed 2560K, reserved 1048576K
GC Heap History (10 events):
Event: 459.384 GC heap before
{Heap before GC invocations=352 (full 0):
 PSYoungGen      total 30208K, used 29856K [0x000000076ab00000, 0x000000076c980000, 0x00000007c0000000)
  eden space 29696K, 100% used [0x000000076ab00000,0x000000076c800000,0x000000076c800000)
  from space 512K, 31% used [0x000000076c880000,0x000000076c8a8000,0x000000076c900000)
  to   space 512K, 0% used [0x000000076c900000,0x000000076c900000,0x000000076c980000)
 ParOldGen       total 175104K, used 104354K [0x00000006c0000000, 0x00000006cab00000, 0x000000076ab00000)
  object space 175104K, 59% used [0x00000006c0000000,0x00000006c65e8bc8,0x00000006cab00000)
 Metaspace       used 19228K, capacity 19886K, committed 20096K, reserved 1067008K
  class space    used 2267K, capacity 2432K, committed 2432K, reserved 1048576K
Event: 459.385 GC heap after
Heap after GC invocations=352 (full 0):
 PSYoungGen      total 30208K, used 160K [0x000000076ab00000, 0x000000076c980000, 0x00000007c0000000)
  eden space 29696K, 0% used [0x000000076ab00000,0x000000076ab00000,0x000000076c800000)
  from space 512K, 31% used [0x000000076c900000,0x000000076c928000,0x000000076c980000)
  to   space 512K, 0% used [0x000000076c880000,0x000000076c880000,0x000000076c900000)
 ParOldGen       total 175104K, used 104386K [0x00000006c0000000, 0x00000006cab00000, 0x000000076ab00000)
  object space 175104K, 59% used [0x00000006c0000000,0x00000006c65f0bc8,0x00000006cab00000)
 Metaspace       used 19228K, capacity 19886K, committed 20096K, reserved 1067008K
  class space    used 2267K, capacity 2432K, committed 2432K, reserved 1048576K
}
Event: 460.222 GC heap before
{Heap before GC invocations=353 (full 0):
 PSYoungGen      total 30208K, used 29856K [0x000000076ab00000, 0x000000076c980000, 0x00000007c0000000)
  eden space 29696K, 100% used [0x000000076ab00000,0x000000076c800000,0x000000076c800000)
  from space 512K, 31% used [0x000000076c900000,0x000000076c928000,0x000000076c980000)
  to   space 512K, 0% used [0x000000076c880000,0x000000076c880000,0x000000076c900000)
 ParOldGen       total 175104K, used 104386K [0x00000006c0000000, 0x00000006cab00000, 0x000000076ab00000)
  object space 175104K, 59% used [0x00000006c0000000,0x00000006c65f0bc8,0x00000006cab00000)
 Metaspace       used 19228K, capacity 19886K, committed 20096K, reserved 1067008K
  class space    used 2267K, capacity 2432K, committed 2432K, reserved 1048576K
Event: 460.223 GC heap after
Heap after GC invocations=353 (full 0):
 PSYoungGen      total 30208K, used 128K [0x000000076ab00000, 0x000000076c980000, 0x00000007c0000000)
  eden space 29696K, 0% used [0x000000076ab00000,0x000000076ab00000,0x000000076c800000)
  from space 512K, 25% used [0x000000076c880000,0x000000076c8a0000,0x000000076c900000)
  to   space 512K, 0% used [0x000000076c900000,0x000000076c900000,0x000000076c980000)
 ParOldGen       total 175104K, used 104394K [0x00000006c0000000, 0x00000006cab00000, 0x000000076ab00000)
  object space 175104K, 59% used [0x00000006c0000000,0x00000006c65f2bc8,0x00000006cab00000)
 Metaspace       used 19228K, capacity 19886K, committed 20096K, reserved 1067008K
  class space    used 2267K, capacity 2432K, committed 2432K, reserved 1048576K
}
Event: 461.072 GC heap before
{Heap before GC invocations=354 (full 0):
 PSYoungGen      total 30208K, used 29824K [0x000000076ab00000, 0x000000076c980000, 0x00000007c0000000)
  eden space 29696K, 100% used [0x000000076ab00000,0x000000076c800000,0x000000076c800000)
  from space 512K, 25% used [0x000000076c880000,0x000000076c8a0000,0x000000076c900000)
  to   space 512K, 0% used [0x000000076c900000,0x000000076c900000,0x000000076c980000)
 ParOldGen       total 175104K, used 104394K [0x00000006c0000000, 0x00000006cab00000, 0x000000076ab00000)
  object space 175104K, 59% used [0x00000006c0000000,0x00000006c65f2bc8,0x00000006cab00000)
 Metaspace       used 19228K, capacity 19886K, committed 20096K, reserved 1067008K
  class space    used 2267K, capacity 2432K, committed 2432K, reserved 1048576K
Event: 461.073 GC heap after
Heap after GC invocations=354 (full 0):
 PSYoungGen      total 30208K, used 128K [0x000000076ab00000, 0x000000076c980000, 0x00000007c0000000)
  eden space 29696K, 0% used [0x000000076ab00000,0x000000076ab00000,0x000000076c800000)
  from space 512K, 25% used [0x000000076c900000,0x000000076c920000,0x000000076c980000)
  to   space 512K, 0% used [0x000000076c880000,0x000000076c880000,0x000000076c900000)
 ParOldGen       total 175104K, used 104394K [0x00000006c0000000, 0x00000006cab00000, 0x000000076ab00000)
  object space 175104K, 59% used [0x00000006c0000000,0x00000006c65f2bc8,0x00000006cab00000)
 Metaspace       used 19228K, capacity 19886K, committed 20096K, reserved 1067008K
  class space    used 2267K, capacity 2432K, committed 2432K, reserved 1048576K
}
Event: 461.917 GC heap before
{Heap before GC invocations=355 (full 0):
 PSYoungGen      total 30208K, used 29824K [0x000000076ab00000, 0x000000076c980000, 0x00000007c0000000)
  eden space 29696K, 100% used [0x000000076ab00000,0x000000076c800000,0x000000076c800000)
  from space 512K, 25% used [0x000000076c900000,0x000000076c920000,0x000000076c980000)
  to   space 512K, 0% used [0x000000076c880000,0x000000076c880000,0x000000076c900000)
 ParOldGen       total 175104K, used 104394K [0x00000006c0000000, 0x00000006cab00000, 0x000000076ab00000)
  object space 175104K, 59% used [0x00000006c0000000,0x00000006c65f2bc8,0x00000006cab00000)
 Metaspace       used 19228K, capacity 19886K, committed 20096K, reserved 1067008K
  class space    used 2267K, capacity 2432K, committed 2432K, reserved 1048576K
Event: 461.918 GC heap after
Heap after GC invocations=355 (full 0):
 PSYoungGen      total 30208K, used 128K [0x000000076ab00000, 0x000000076c980000, 0x00000007c0000000)
  eden space 29696K, 0% used [0x000000076ab00000,0x000000076ab00000,0x000000076c800000)
  from space 512K, 25% used [0x000000076c880000,0x000000076c8a0000,0x000000076c900000)
  to   space 512K, 0% used [0x000000076c900000,0x000000076c900000,0x000000076c980000)
 ParOldGen       total 175104K, used 104418K [0x00000006c0000000, 0x00000006cab00000, 0x000000076ab00000)
  object space 175104K, 59% used [0x00000006c0000000,0x00000006c65f8bc8,0x00000006cab00000)
 Metaspace       used 19228K, capacity 19886K, committed 20096K, reserved 1067008K
  class space    used 2267K, capacity 2432K, committed 2432K, reserved 1048576K
}
Event: 461.971 GC heap before
{Heap before GC invocations=356 (full 0):
 PSYoungGen      total 30208K, used 26113K [0x000000076ab00000, 0x000000076c980000, 0x00000007c0000000)
  eden space 29696K, 87% used [0x000000076ab00000,0x000000076c460610,0x000000076c800000)
  from space 512K, 25% used [0x000000076c880000,0x000000076c8a0000,0x000000076c900000)
  to   space 512K, 0% used [0x000000076c900000,0x000000076c900000,0x000000076c980000)
 ParOldGen       total 175104K, used 104418K [0x00000006c0000000, 0x00000006cab00000, 0x000000076ab00000)
  object space 175104K, 59% used [0x00000006c0000000,0x00000006c65f8bc8,0x00000006cab00000)
 Metaspace       used 19230K, capacity 19892K, committed 20224K, reserved 1067008K
  class space    used 2267K, capacity 2433K, committed 2560K, reserved 1048576K
Event: 461.972 GC heap after
Heap after GC invocations=356 (full 0):
 PSYoungGen      total 30208K, used 512K [0x000000076ab00000, 0x000000076ca00000, 0x00000007c0000000)
  eden space 29696K, 0% used [0x000000076ab00000,0x000000076ab00000,0x000000076c800000)
  from space 512K, 100% used [0x000000076c900000,0x000000076c980000,0x000000076c980000)
  to   space 1024K, 0% used [0x000000076c800000,0x000000076c800000,0x000000076c900000)
 ParOldGen       total 175104K, used 105133K [0x00000006c0000000, 0x00000006cab00000, 0x000000076ab00000)
  object space 175104K, 60% used [0x00000006c0000000,0x00000006c66ab750,0x00000006cab00000)
 Metaspace       used 19230K, capacity 19892K, committed 20224K, reserved 1067008K
  class space    used 2267K, capacity 2433K, committed 2560K, reserved 1048576K
}

