# JRE version: Java(TM) SE Runtime Environment (8.0_25-b17) (build 1.8.0_25-b17)
# Java VM: Java HotSpot(TM) 64-Bit Server VM (25.25-b02 mixed mode bsd-amd64 compressed oops)
Heap:
 PSYoungGen      total 31744K, used 28264K [0x000000076ab00000, 0x000000076cb00000, 0x00000007c0000000)
  eden space 31232K, 89% used [0x000000076ab00000,0x000000076c672020,0x000000076c980000)
  from space 512K, 31% used [0x000000076ca00000,0x000000076ca28000,0x000000076ca80000)
  to   space 512K, 0% used [0x000000076ca80000,0x000000076ca80000,0x000000076cb00000)
 ParOldGen       total 175104K, used 89361K [0x00000006c0000000, 0x00000006cab00000, 0x000000076ab00000)
  object space 175104K, 51% used [0x00000006c0000000,0x00000006c5744518,0x00000006cab00000)
 Metaspace       used 18618K, capacity 19282K, committed 19328K, reserved 1067008K
  class space    used 2247K, capacity 2404K, committed 2432K, reserved 1048576K
GC Heap History (10 events):
Event: 477.634 GC heap before
{Heap before GC invocations=247 (full 0):
 PSYoungGen      total 31744K, used 31616K [0x000000076ab00000, 0x000000076cb00000, 0x00000007c0000000)
  eden space 31232K, 100% used [0x000000076ab00000,0x000000076c980000,0x000000076c980000)
  from space 512K, 75% used [0x000000076ca80000,0x000000076cae0000,0x000000076cb00000)
  to   space 512K, 0% used [0x000000076ca00000,0x000000076ca00000,0x000000076ca80000)
 ParOldGen       total 175104K, used 88871K [0x00000006c0000000, 0x00000006cab00000, 0x000000076ab00000)
  object space 175104K, 50% used [0x00000006c0000000,0x00000006c56c9ca0,0x00000006cab00000)
 Metaspace       used 18618K, capacity 19282K, committed 19328K, reserved 1067008K
  class space    used 2247K, capacity 2404K, committed 2432K, reserved 1048576K
Event: 477.636 GC heap after
Heap after GC invocations=247 (full 0):
 PSYoungGen      total 31744K, used 192K [0x000000076ab00000, 0x000000076cb00000, 0x00000007c0000000)
  eden space 31232K, 0% used [0x000000076ab00000,0x000000076ab00000,0x000000076c980000)
  from space 512K, 37% used [0x000000076ca00000,0x000000076ca30000,0x000000076ca80000)
  to   space 512K, 0% used [0x000000076ca80000,0x000000076ca80000,0x000000076cb00000)
 ParOldGen       total 175104K, used 89148K [0x00000006c0000000, 0x00000006cab00000, 0x000000076ab00000)
  object space 175104K, 50% used [0x00000006c0000000,0x00000006c570f100,0x00000006cab00000)
 Metaspace       used 18618K, capacity 19282K, committed 19328K, reserved 1067008K
  class space    used 2247K, capacity 2404K, committed 2432K, reserved 1048576K
}
Event: 479.534 GC heap before
{Heap before GC invocations=248 (full 0):
 PSYoungGen      total 31744K, used 31424K [0x000000076ab00000, 0x000000076cb00000, 0x00000007c0000000)
  eden space 31232K, 100% used [0x000000076ab00000,0x000000076c980000,0x000000076c980000)
  from space 512K, 37% used [0x000000076ca00000,0x000000076ca30000,0x000000076ca80000)
  to   space 512K, 0% used [0x000000076ca80000,0x000000076ca80000,0x000000076cb00000)
 ParOldGen       total 175104K, used 89150K [0x00000006c0000000, 0x00000006cab00000, 0x000000076ab00000)
  object space 175104K, 50% used [0x00000006c0000000,0x00000006c570f8f8,0x00000006cab00000)
 Metaspace       used 18618K, capacity 19282K, committed 19328K, reserved 1067008K
  class space    used 2247K, capacity 2404K, committed 2432K, reserved 1048576K
Event: 479.535 GC heap after
Heap after GC invocations=248 (full 0):
 PSYoungGen      total 31744K, used 256K [0x000000076ab00000, 0x000000076cb00000, 0x00000007c0000000)
  eden space 31232K, 0% used [0x000000076ab00000,0x000000076ab00000,0x000000076c980000)
  from space 512K, 50% used [0x000000076ca80000,0x000000076cac0000,0x000000076cb00000)
  to   space 512K, 0% used [0x000000076ca00000,0x000000076ca00000,0x000000076ca80000)
 ParOldGen       total 175104K, used 89158K [0x00000006c0000000, 0x00000006cab00000, 0x000000076ab00000)
  object space 175104K, 50% used [0x00000006c0000000,0x00000006c57118f8,0x00000006cab00000)
 Metaspace       used 18618K, capacity 19282K, committed 19328K, reserved 1067008K
  class space    used 2247K, capacity 2404K, committed 2432K, reserved 1048576K
}
Event: 481.373 GC heap before
{Heap before GC invocations=249 (full 0):
 PSYoungGen      total 31744K, used 31488K [0x000000076ab00000, 0x000000076cb00000, 0x00000007c0000000)
  eden space 31232K, 100% used [0x000000076ab00000,0x000000076c980000,0x000000076c980000)
  from space 512K, 50% used [0x000000076ca80000,0x000000076cac0000,0x000000076cb00000)
  to   space 512K, 0% used [0x000000076ca00000,0x000000076ca00000,0x000000076ca80000)
 ParOldGen       total 175104K, used 89158K [0x00000006c0000000, 0x00000006cab00000, 0x000000076ab00000)
  object space 175104K, 50% used [0x00000006c0000000,0x00000006c57118f8,0x00000006cab00000)
 Metaspace       used 18618K, capacity 19282K, committed 19328K, reserved 1067008K
  class space    used 2247K, capacity 2404K, committed 2432K, reserved 1048576K
Event: 481.374 GC heap after
Heap after GC invocations=249 (full 0):
 PSYoungGen      total 31744K, used 160K [0x000000076ab00000, 0x000000076cb00000, 0x00000007c0000000)
  eden space 31232K, 0% used [0x000000076ab00000,0x000000076ab00000,0x000000076c980000)
  from space 512K, 31% used [0x000000076ca00000,0x000000076ca28000,0x000000076ca80000)
  to   space 512K, 0% used [0x000000076ca80000,0x000000076ca80000,0x000000076cb00000)
 ParOldGen       total 175104K, used 89166K [0x00000006c0000000, 0x00000006cab00000, 0x000000076ab00000)
  object space 175104K, 50% used [0x00000006c0000000,0x00000006c57138f8,0x00000006cab00000)
 Metaspace       used 18618K, capacity 19282K, committed 19328K, reserved 1067008K
  class space    used 2247K, capacity 2404K, committed 2432K, reserved 1048576K
}
Event: 483.136 GC heap before
{Heap before GC invocations=250 (full 0):
 PSYoungGen      total 31744K, used 31392K [0x000000076ab00000, 0x000000076cb00000, 0x00000007c0000000)
  eden space 31232K, 100% used [0x000000076ab00000,0x000000076c980000,0x000000076c980000)
  from space 512K, 31% used [0x000000076ca00000,0x000000076ca28000,0x000000076ca80000)
  to   space 512K, 0% used [0x000000076ca80000,0x000000076ca80000,0x000000076cb00000)
 ParOldGen       total 175104K, used 89166K [0x00000006c0000000, 0x00000006cab00000, 0x000000076ab00000)
  object space 175104K, 50% used [0x00000006c0000000,0x00000006c57138f8,0x00000006cab00000)
 Metaspace       used 18618K, capacity 19282K, committed 19328K, reserved 1067008K
  class space    used 2247K, capacity 2404K, committed 2432K, reserved 1048576K
Event: 483.137 GC heap after
Heap after GC invocations=250 (full 0):
 PSYoungGen      total 31744K, used 384K [0x000000076ab00000, 0x000000076cb00000, 0x00000007c0000000)
  eden space 31232K, 0% used [0x000000076ab00000,0x000000076ab00000,0x000000076c980000)
  from space 512K, 75% used [0x000000076ca80000,0x000000076cae0000,0x000000076cb00000)
  to   space 512K, 0% used [0x000000076ca00000,0x000000076ca00000,0x000000076ca80000)
 ParOldGen       total 175104K, used 89174K [0x00000006c0000000, 0x00000006cab00000, 0x000000076ab00000)
  object space 175104K, 50% used [0x00000006c0000000,0x00000006c57158f8,0x00000006cab00000)
 Metaspace       used 18618K, capacity 19282K, committed 19328K, reserved 1067008K
  class space    used 2247K, capacity 2404K, committed 2432K, reserved 1048576K
}
Event: 485.102 GC heap before
{Heap before GC invocations=251 (full 0):
 PSYoungGen      total 31744K, used 31616K [0x000000076ab00000, 0x000000076cb00000, 0x00000007c0000000)
  eden space 31232K, 100% used [0x000000076ab00000,0x000000076c980000,0x000000076c980000)
  from space 512K, 75% used [0x000000076ca80000,0x000000076cae0000,0x000000076cb00000)
  to   space 512K, 0% used [0x000000076ca00000,0x000000076ca00000,0x000000076ca80000)
 ParOldGen       total 175104K, used 89174K [0x00000006c0000000, 0x00000006cab00000, 0x000000076ab00000)
  object space 175104K, 50% used [0x00000006c0000000,0x00000006c57158f8,0x00000006cab00000)
 Metaspace       used 18618K, capacity 19282K, committed 19328K, reserved 1067008K
  class space    used 2247K, capacity 2404K, committed 2432K, reserved 1048576K
Event: 485.103 GC heap after
Heap after GC invocations=251 (full 0):
 PSYoungGen      total 31744K, used 160K [0x000000076ab00000, 0x000000076cb00000, 0x00000007c0000000)
  eden space 31232K, 0% used [0x000000076ab00000,0x000000076ab00000,0x000000076c980000)
  from space 512K, 31% used [0x000000076ca00000,0x000000076ca28000,0x000000076ca80000)
  to   space 512K, 0% used [0x000000076ca80000,0x000000076ca80000,0x000000076cb00000)
 ParOldGen       total 175104K, used 89361K [0x00000006c0000000, 0x00000006cab00000, 0x000000076ab00000)
  object space 175104K, 51% used [0x00000006c0000000,0x00000006c5744518,0x00000006cab00000)
 Metaspace       used 18618K, capacity 19282K, committed 19328K, reserved 1067008K
  class space    used 2247K, capacity 2404K, committed 2432K, reserved 1048576K
}

