# JRE version: Java(TM) SE Runtime Environment (8.0_25-b17) (build 1.8.0_25-b17)
# Java VM: Java HotSpot(TM) 64-Bit Server VM (25.25-b02 mixed mode bsd-amd64 compressed oops)
Heap:
 PSYoungGen      total 31232K, used 11034K [0x000000076ab00000, 0x000000076ca80000, 0x00000007c0000000)
  eden space 30720K, 34% used [0x000000076ab00000,0x000000076b56e930,0x000000076c900000)
  from space 512K, 68% used [0x000000076ca00000,0x000000076ca58000,0x000000076ca80000)
  to   space 512K, 0% used [0x000000076c980000,0x000000076c980000,0x000000076ca00000)
 ParOldGen       total 175104K, used 101836K [0x00000006c0000000, 0x00000006cab00000, 0x000000076ab00000)
  object space 175104K, 58% used [0x00000006c0000000,0x00000006c6373018,0x00000006cab00000)
 Metaspace       used 18912K, capacity 19568K, committed 19712K, reserved 1067008K
  class space    used 2273K, capacity 2439K, committed 2560K, reserved 1048576K
GC Heap History (10 events):
Event: 776.924 GC heap before
{Heap before GC invocations=406 (full 0):
 PSYoungGen      total 31232K, used 30848K [0x000000076ab00000, 0x000000076ca80000, 0x00000007c0000000)
  eden space 30720K, 100% used [0x000000076ab00000,0x000000076c900000,0x000000076c900000)
  from space 512K, 25% used [0x000000076c980000,0x000000076c9a0000,0x000000076ca00000)
  to   space 512K, 0% used [0x000000076ca00000,0x000000076ca00000,0x000000076ca80000)
 ParOldGen       total 175104K, used 101812K [0x00000006c0000000, 0x00000006cab00000, 0x000000076ab00000)
  object space 175104K, 58% used [0x00000006c0000000,0x00000006c636d018,0x00000006cab00000)
 Metaspace       used 18902K, capacity 19556K, committed 19712K, reserved 1067008K
  class space    used 2272K, capacity 2437K, committed 2560K, reserved 1048576K
Event: 776.925 GC heap after
Heap after GC invocations=406 (full 0):
 PSYoungGen      total 31232K, used 128K [0x000000076ab00000, 0x000000076ca80000, 0x00000007c0000000)
  eden space 30720K, 0% used [0x000000076ab00000,0x000000076ab00000,0x000000076c900000)
  from space 512K, 25% used [0x000000076ca00000,0x000000076ca20000,0x000000076ca80000)
  to   space 512K, 0% used [0x000000076c980000,0x000000076c980000,0x000000076ca00000)
 ParOldGen       total 175104K, used 101828K [0x00000006c0000000, 0x00000006cab00000, 0x000000076ab00000)
  object space 175104K, 58% used [0x00000006c0000000,0x00000006c6371018,0x00000006cab00000)
 Metaspace       used 18902K, capacity 19556K, committed 19712K, reserved 1067008K
  class space    used 2272K, capacity 2437K, committed 2560K, reserved 1048576K
}
Event: 778.561 GC heap before
{Heap before GC invocations=407 (full 0):
 PSYoungGen      total 31232K, used 30848K [0x000000076ab00000, 0x000000076ca80000, 0x00000007c0000000)
  eden space 30720K, 100% used [0x000000076ab00000,0x000000076c900000,0x000000076c900000)
  from space 512K, 25% used [0x000000076ca00000,0x000000076ca20000,0x000000076ca80000)
  to   space 512K, 0% used [0x000000076c980000,0x000000076c980000,0x000000076ca00000)
 ParOldGen       total 175104K, used 101828K [0x00000006c0000000, 0x00000006cab00000, 0x000000076ab00000)
  object space 175104K, 58% used [0x00000006c0000000,0x00000006c6371018,0x00000006cab00000)
 Metaspace       used 18902K, capacity 19556K, committed 19712K, reserved 1067008K
  class space    used 2272K, capacity 2437K, committed 2560K, reserved 1048576K
Event: 778.562 GC heap after
Heap after GC invocations=407 (full 0):
 PSYoungGen      total 31232K, used 96K [0x000000076ab00000, 0x000000076ca80000, 0x00000007c0000000)
  eden space 30720K, 0% used [0x000000076ab00000,0x000000076ab00000,0x000000076c900000)
  from space 512K, 18% used [0x000000076c980000,0x000000076c998000,0x000000076ca00000)
  to   space 512K, 0% used [0x000000076ca00000,0x000000076ca00000,0x000000076ca80000)
 ParOldGen       total 175104K, used 101828K [0x00000006c0000000, 0x00000006cab00000, 0x000000076ab00000)
  object space 175104K, 58% used [0x00000006c0000000,0x00000006c6371018,0x00000006cab00000)
 Metaspace       used 18902K, capacity 19556K, committed 19712K, reserved 1067008K
  class space    used 2272K, capacity 2437K, committed 2560K, reserved 1048576K
}
Event: 780.206 GC heap before
{Heap before GC invocations=408 (full 0):
 PSYoungGen      total 31232K, used 30816K [0x000000076ab00000, 0x000000076ca80000, 0x00000007c0000000)
  eden space 30720K, 100% used [0x000000076ab00000,0x000000076c900000,0x000000076c900000)
  from space 512K, 18% used [0x000000076c980000,0x000000076c998000,0x000000076ca00000)
  to   space 512K, 0% used [0x000000076ca00000,0x000000076ca00000,0x000000076ca80000)
 ParOldGen       total 175104K, used 101828K [0x00000006c0000000, 0x00000006cab00000, 0x000000076ab00000)
  object space 175104K, 58% used [0x00000006c0000000,0x00000006c6371018,0x00000006cab00000)
 Metaspace       used 18902K, capacity 19556K, committed 19712K, reserved 1067008K
  class space    used 2272K, capacity 2437K, committed 2560K, reserved 1048576K
Event: 780.208 GC heap after
Heap after GC invocations=408 (full 0):
 PSYoungGen      total 31232K, used 96K [0x000000076ab00000, 0x000000076ca80000, 0x00000007c0000000)
  eden space 30720K, 0% used [0x000000076ab00000,0x000000076ab00000,0x000000076c900000)
  from space 512K, 18% used [0x000000076ca00000,0x000000076ca18000,0x000000076ca80000)
  to   space 512K, 0% used [0x000000076c980000,0x000000076c980000,0x000000076ca00000)
 ParOldGen       total 175104K, used 101828K [0x00000006c0000000, 0x00000006cab00000, 0x000000076ab00000)
  object space 175104K, 58% used [0x00000006c0000000,0x00000006c6371018,0x00000006cab00000)
 Metaspace       used 18902K, capacity 19556K, committed 19712K, reserved 1067008K
  class space    used 2272K, capacity 2437K, committed 2560K, reserved 1048576K
}
Event: 781.833 GC heap before
{Heap before GC invocations=409 (full 0):
 PSYoungGen      total 31232K, used 30816K [0x000000076ab00000, 0x000000076ca80000, 0x00000007c0000000)
  eden space 30720K, 100% used [0x000000076ab00000,0x000000076c900000,0x000000076c900000)
  from space 512K, 18% used [0x000000076ca00000,0x000000076ca18000,0x000000076ca80000)
  to   space 512K, 0% used [0x000000076c980000,0x000000076c980000,0x000000076ca00000)
 ParOldGen       total 175104K, used 101828K [0x00000006c0000000, 0x00000006cab00000, 0x000000076ab00000)
  object space 175104K, 58% used [0x00000006c0000000,0x00000006c6371018,0x00000006cab00000)
 Metaspace       used 18902K, capacity 19556K, committed 19712K, reserved 1067008K
  class space    used 2272K, capacity 2437K, committed 2560K, reserved 1048576K
Event: 781.834 GC heap after
Heap after GC invocations=409 (full 0):
 PSYoungGen      total 31232K, used 64K [0x000000076ab00000, 0x000000076ca80000, 0x00000007c0000000)
  eden space 30720K, 0% used [0x000000076ab00000,0x000000076ab00000,0x000000076c900000)
  from space 512K, 12% used [0x000000076c980000,0x000000076c990000,0x000000076ca00000)
  to   space 512K, 0% used [0x000000076ca00000,0x000000076ca00000,0x000000076ca80000)
 ParOldGen       total 175104K, used 101828K [0x00000006c0000000, 0x00000006cab00000, 0x000000076ab00000)
  object space 175104K, 58% used [0x00000006c0000000,0x00000006c6371018,0x00000006cab00000)
 Metaspace       used 18902K, capacity 19556K, committed 19712K, reserved 1067008K
  class space    used 2272K, capacity 2437K, committed 2560K, reserved 1048576K
}
Event: 783.365 GC heap before
{Heap before GC invocations=410 (full 0):
 PSYoungGen      total 31232K, used 30511K [0x000000076ab00000, 0x000000076ca80000, 0x00000007c0000000)
  eden space 30720K, 99% used [0x000000076ab00000,0x000000076c8bbe30,0x000000076c900000)
  from space 512K, 12% used [0x000000076c980000,0x000000076c990000,0x000000076ca00000)
  to   space 512K, 0% used [0x000000076ca00000,0x000000076ca00000,0x000000076ca80000)
 ParOldGen       total 175104K, used 101828K [0x00000006c0000000, 0x00000006cab00000, 0x000000076ab00000)
  object space 175104K, 58% used [0x00000006c0000000,0x00000006c6371018,0x00000006cab00000)
 Metaspace       used 18907K, capacity 19562K, committed 19712K, reserved 1067008K
  class space    used 2272K, capacity 2438K, committed 2560K, reserved 1048576K
Event: 783.366 GC heap after
Heap after GC invocations=410 (full 0):
 PSYoungGen      total 31232K, used 352K [0x000000076ab00000, 0x000000076ca80000, 0x00000007c0000000)
  eden space 30720K, 0% used [0x000000076ab00000,0x000000076ab00000,0x000000076c900000)
  from space 512K, 68% used [0x000000076ca00000,0x000000076ca58000,0x000000076ca80000)
  to   space 512K, 0% used [0x000000076c980000,0x000000076c980000,0x000000076ca00000)
 ParOldGen       total 175104K, used 101836K [0x00000006c0000000, 0x00000006cab00000, 0x000000076ab00000)
  object space 175104K, 58% used [0x00000006c0000000,0x00000006c6373018,0x00000006cab00000)
 Metaspace       used 18907K, capacity 19562K, committed 19712K, reserved 1067008K
  class space    used 2272K, capacity 2438K, committed 2560K, reserved 1048576K
}

