# JRE version: Java(TM) SE Runtime Environment (8.0_25-b17) (build 1.8.0_25-b17)
# Java VM: Java HotSpot(TM) 64-Bit Server VM (25.25-b02 mixed mode bsd-amd64 compressed oops)
Heap:
 PSYoungGen      total 31744K, used 29534K [0x000000076ab00000, 0x000000076cb00000, 0x00000007c0000000)
  eden space 31232K, 93% used [0x000000076ab00000,0x000000076c79f848,0x000000076c980000)
  from space 512K, 43% used [0x000000076ca80000,0x000000076cab8000,0x000000076cb00000)
  to   space 512K, 0% used [0x000000076ca00000,0x000000076ca00000,0x000000076ca80000)
 ParOldGen       total 175104K, used 12192K [0x00000006c0000000, 0x00000006cab00000, 0x000000076ab00000)
  object space 175104K, 6% used [0x00000006c0000000,0x00000006c0be8328,0x00000006cab00000)
 Metaspace       used 18434K, capacity 18904K, committed 19200K, reserved 1067008K
  class space    used 2188K, capacity 2291K, committed 2304K, reserved 1048576K
GC Heap History (10 events):
Event: 156.599 GC heap before
{Heap before GC invocations=114 (full 0):
 PSYoungGen      total 31744K, used 31456K [0x000000076ab00000, 0x000000076cb00000, 0x00000007c0000000)
  eden space 31232K, 100% used [0x000000076ab00000,0x000000076c980000,0x000000076c980000)
  from space 512K, 43% used [0x000000076ca00000,0x000000076ca38000,0x000000076ca80000)
  to   space 512K, 0% used [0x000000076ca80000,0x000000076ca80000,0x000000076cb00000)
 ParOldGen       total 175104K, used 12192K [0x00000006c0000000, 0x00000006cab00000, 0x000000076ab00000)
  object space 175104K, 6% used [0x00000006c0000000,0x00000006c0be8328,0x00000006cab00000)
 Metaspace       used 18411K, capacity 18890K, committed 18944K, reserved 1067008K
  class space    used 2188K, capacity 2290K, committed 2304K, reserved 1048576K
Event: 156.600 GC heap after
Heap after GC invocations=114 (full 0):
 PSYoungGen      total 31744K, used 224K [0x000000076ab00000, 0x000000076cb00000, 0x00000007c0000000)
  eden space 31232K, 0% used [0x000000076ab00000,0x000000076ab00000,0x000000076c980000)
  from space 512K, 43% used [0x000000076ca80000,0x000000076cab8000,0x000000076cb00000)
  to   space 512K, 0% used [0x000000076ca00000,0x000000076ca00000,0x000000076ca80000)
 ParOldGen       total 175104K, used 12192K [0x00000006c0000000, 0x00000006cab00000, 0x000000076ab00000)
  object space 175104K, 6% used [0x00000006c0000000,0x00000006c0be8328,0x00000006cab00000)
 Metaspace       used 18411K, capacity 18890K, committed 18944K, reserved 1067008K
  class space    used 2188K, capacity 2290K, committed 2304K, reserved 1048576K
}
Event: 157.560 GC heap before
{Heap before GC invocations=115 (full 0):
 PSYoungGen      total 31744K, used 31456K [0x000000076ab00000, 0x000000076cb00000, 0x00000007c0000000)
  eden space 31232K, 100% used [0x000000076ab00000,0x000000076c980000,0x000000076c980000)
  from space 512K, 43% used [0x000000076ca80000,0x000000076cab8000,0x000000076cb00000)
  to   space 512K, 0% used [0x000000076ca00000,0x000000076ca00000,0x000000076ca80000)
 ParOldGen       total 175104K, used 12192K [0x00000006c0000000, 0x00000006cab00000, 0x000000076ab00000)
  object space 175104K, 6% used [0x00000006c0000000,0x00000006c0be8328,0x00000006cab00000)
 Metaspace       used 18411K, capacity 18890K, committed 18944K, reserved 1067008K
  class space    used 2188K, capacity 2290K, committed 2304K, reserved 1048576K
Event: 157.561 GC heap after
Heap after GC invocations=115 (full 0):
 PSYoungGen      total 31744K, used 128K [0x000000076ab00000, 0x000000076cb00000, 0x00000007c0000000)
  eden space 31232K, 0% used [0x000000076ab00000,0x000000076ab00000,0x000000076c980000)
  from space 512K, 25% used [0x000000076ca00000,0x000000076ca20000,0x000000076ca80000)
  to   space 512K, 0% used [0x000000076ca80000,0x000000076ca80000,0x000000076cb00000)
 ParOldGen       total 175104K, used 12192K [0x00000006c0000000, 0x00000006cab00000, 0x000000076ab00000)
  object space 175104K, 6% used [0x00000006c0000000,0x00000006c0be8328,0x00000006cab00000)
 Metaspace       used 18411K, capacity 18890K, committed 18944K, reserved 1067008K
  class space    used 2188K, capacity 2290K, committed 2304K, reserved 1048576K
}
Event: 158.517 GC heap before
{Heap before GC invocations=116 (full 0):
 PSYoungGen      total 31744K, used 31360K [0x000000076ab00000, 0x000000076cb00000, 0x00000007c0000000)
  eden space 31232K, 100% used [0x000000076ab00000,0x000000076c980000,0x000000076c980000)
  from space 512K, 25% used [0x000000076ca00000,0x000000076ca20000,0x000000076ca80000)
  to   space 512K, 0% used [0x000000076ca80000,0x000000076ca80000,0x000000076cb00000)
 ParOldGen       total 175104K, used 12192K [0x00000006c0000000, 0x00000006cab00000, 0x000000076ab00000)
  object space 175104K, 6% used [0x00000006c0000000,0x00000006c0be8328,0x00000006cab00000)
 Metaspace       used 18411K, capacity 18890K, committed 18944K, reserved 1067008K
  class space    used 2188K, capacity 2290K, committed 2304K, reserved 1048576K
Event: 158.518 GC heap after
Heap after GC invocations=116 (full 0):
 PSYoungGen      total 31744K, used 192K [0x000000076ab00000, 0x000000076cb00000, 0x00000007c0000000)
  eden space 31232K, 0% used [0x000000076ab00000,0x000000076ab00000,0x000000076c980000)
  from space 512K, 37% used [0x000000076ca80000,0x000000076cab0000,0x000000076cb00000)
  to   space 512K, 0% used [0x000000076ca00000,0x000000076ca00000,0x000000076ca80000)
 ParOldGen       total 175104K, used 12192K [0x00000006c0000000, 0x00000006cab00000, 0x000000076ab00000)
  object space 175104K, 6% used [0x00000006c0000000,0x00000006c0be8328,0x00000006cab00000)
 Metaspace       used 18411K, capacity 18890K, committed 18944K, reserved 1067008K
  class space    used 2188K, capacity 2290K, committed 2304K, reserved 1048576K
}
Event: 159.484 GC heap before
{Heap before GC invocations=117 (full 0):
 PSYoungGen      total 31744K, used 31424K [0x000000076ab00000, 0x000000076cb00000, 0x00000007c0000000)
  eden space 31232K, 100% used [0x000000076ab00000,0x000000076c980000,0x000000076c980000)
  from space 512K, 37% used [0x000000076ca80000,0x000000076cab0000,0x000000076cb00000)
  to   space 512K, 0% used [0x000000076ca00000,0x000000076ca00000,0x000000076ca80000)
 ParOldGen       total 175104K, used 12192K [0x00000006c0000000, 0x00000006cab00000, 0x000000076ab00000)
  object space 175104K, 6% used [0x00000006c0000000,0x00000006c0be8328,0x00000006cab00000)
 Metaspace       used 18411K, capacity 18890K, committed 18944K, reserved 1067008K
  class space    used 2188K, capacity 2290K, committed 2304K, reserved 1048576K
Event: 159.485 GC heap after
Heap after GC invocations=117 (full 0):
 PSYoungGen      total 31744K, used 256K [0x000000076ab00000, 0x000000076cb00000, 0x00000007c0000000)
  eden space 31232K, 0% used [0x000000076ab00000,0x000000076ab00000,0x000000076c980000)
  from space 512K, 50% used [0x000000076ca00000,0x000000076ca40000,0x000000076ca80000)
  to   space 512K, 0% used [0x000000076ca80000,0x000000076ca80000,0x000000076cb00000)
 ParOldGen       total 175104K, used 12192K [0x00000006c0000000, 0x00000006cab00000, 0x000000076ab00000)
  object space 175104K, 6% used [0x00000006c0000000,0x00000006c0be8328,0x00000006cab00000)
 Metaspace       used 18411K, capacity 18890K, committed 18944K, reserved 1067008K
  class space    used 2188K, capacity 2290K, committed 2304K, reserved 1048576K
}
Event: 160.438 GC heap before
{Heap before GC invocations=118 (full 0):
 PSYoungGen      total 31744K, used 31488K [0x000000076ab00000, 0x000000076cb00000, 0x00000007c0000000)
  eden space 31232K, 100% used [0x000000076ab00000,0x000000076c980000,0x000000076c980000)
  from space 512K, 50% used [0x000000076ca00000,0x000000076ca40000,0x000000076ca80000)
  to   space 512K, 0% used [0x000000076ca80000,0x000000076ca80000,0x000000076cb00000)
 ParOldGen       total 175104K, used 12192K [0x00000006c0000000, 0x00000006cab00000, 0x000000076ab00000)
  object space 175104K, 6% used [0x00000006c0000000,0x00000006c0be8328,0x00000006cab00000)
 Metaspace       used 18417K, capacity 18898K, committed 18944K, reserved 1067008K
  class space    used 2188K, capacity 2290K, committed 2304K, reserved 1048576K
Event: 160.439 GC heap after
Heap after GC invocations=118 (full 0):
 PSYoungGen      total 31744K, used 224K [0x000000076ab00000, 0x000000076cb00000, 0x00000007c0000000)
  eden space 31232K, 0% used [0x000000076ab00000,0x000000076ab00000,0x000000076c980000)
  from space 512K, 43% used [0x000000076ca80000,0x000000076cab8000,0x000000076cb00000)
  to   space 512K, 0% used [0x000000076ca00000,0x000000076ca00000,0x000000076ca80000)
 ParOldGen       total 175104K, used 12192K [0x00000006c0000000, 0x00000006cab00000, 0x000000076ab00000)
  object space 175104K, 6% used [0x00000006c0000000,0x00000006c0be8328,0x00000006cab00000)
 Metaspace       used 18417K, capacity 18898K, committed 18944K, reserved 1067008K
  class space    used 2188K, capacity 2290K, committed 2304K, reserved 1048576K
}

