# JRE version: Java(TM) SE Runtime Environment (8.0_25-b17) (build 1.8.0_25-b17)
# Java VM: Java HotSpot(TM) 64-Bit Server VM (25.25-b02 mixed mode bsd-amd64 compressed oops)
Heap:
 PSYoungGen      total 31744K, used 13176K [0x000000076ab00000, 0x000000076cb00000, 0x00000007c0000000)
  eden space 31232K, 41% used [0x000000076ab00000,0x000000076b7a1de0,0x000000076c980000)
  from space 512K, 47% used [0x000000076ca80000,0x000000076cabc410,0x000000076cb00000)
  to   space 512K, 0% used [0x000000076ca00000,0x000000076ca00000,0x000000076ca80000)
 ParOldGen       total 175104K, used 76797K [0x00000006c0000000, 0x00000006cab00000, 0x000000076ab00000)
  object space 175104K, 43% used [0x00000006c0000000,0x00000006c4aff798,0x00000006cab00000)
 Metaspace       used 18451K, capacity 19094K, committed 19328K, reserved 1067008K
  class space    used 2229K, capacity 2394K, committed 2432K, reserved 1048576K
GC Heap History (10 events):
Event: 159.341 GC heap before
{Heap before GC invocations=76 (full 0):
 PSYoungGen      total 31744K, used 31392K [0x000000076ab00000, 0x000000076cb00000, 0x00000007c0000000)
  eden space 31232K, 100% used [0x000000076ab00000,0x000000076c980000,0x000000076c980000)
  from space 512K, 31% used [0x000000076ca00000,0x000000076ca28000,0x000000076ca80000)
  to   space 512K, 0% used [0x000000076ca80000,0x000000076ca80000,0x000000076cb00000)
 ParOldGen       total 175104K, used 76773K [0x00000006c0000000, 0x00000006cab00000, 0x000000076ab00000)
  object space 175104K, 43% used [0x00000006c0000000,0x00000006c4af9798,0x00000006cab00000)
 Metaspace       used 18445K, capacity 19088K, committed 19328K, reserved 1067008K
  class space    used 2229K, capacity 2393K, committed 2432K, reserved 1048576K
Event: 159.342 GC heap after
Heap after GC invocations=76 (full 0):
 PSYoungGen      total 31744K, used 192K [0x000000076ab00000, 0x000000076cb00000, 0x00000007c0000000)
  eden space 31232K, 0% used [0x000000076ab00000,0x000000076ab00000,0x000000076c980000)
  from space 512K, 37% used [0x000000076ca80000,0x000000076cab0000,0x000000076cb00000)
  to   space 512K, 0% used [0x000000076ca00000,0x000000076ca00000,0x000000076ca80000)
 ParOldGen       total 175104K, used 76781K [0x00000006c0000000, 0x00000006cab00000, 0x000000076ab00000)
  object space 175104K, 43% used [0x00000006c0000000,0x00000006c4afb798,0x00000006cab00000)
 Metaspace       used 18445K, capacity 19088K, committed 19328K, reserved 1067008K
  class space    used 2229K, capacity 2393K, committed 2432K, reserved 1048576K
}
Event: 160.941 GC heap before
{Heap before GC invocations=77 (full 0):
 PSYoungGen      total 31744K, used 31424K [0x000000076ab00000, 0x000000076cb00000, 0x00000007c0000000)
  eden space 31232K, 100% used [0x000000076ab00000,0x000000076c980000,0x000000076c980000)
  from space 512K, 37% used [0x000000076ca80000,0x000000076cab0000,0x000000076cb00000)
  to   space 512K, 0% used [0x000000076ca00000,0x000000076ca00000,0x000000076ca80000)
 ParOldGen       total 175104K, used 76781K [0x00000006c0000000, 0x00000006cab00000, 0x000000076ab00000)
  object space 175104K, 43% used [0x00000006c0000000,0x00000006c4afb798,0x00000006cab00000)
 Metaspace       used 18445K, capacity 19088K, committed 19328K, reserved 1067008K
  class space    used 2229K, capacity 2393K, committed 2432K, reserved 1048576K
Event: 160.942 GC heap after
Heap after GC invocations=77 (full 0):
 PSYoungGen      total 31744K, used 192K [0x000000076ab00000, 0x000000076cb00000, 0x00000007c0000000)
  eden space 31232K, 0% used [0x000000076ab00000,0x000000076ab00000,0x000000076c980000)
  from space 512K, 37% used [0x000000076ca00000,0x000000076ca30000,0x000000076ca80000)
  to   space 512K, 0% used [0x000000076ca80000,0x000000076ca80000,0x000000076cb00000)
 ParOldGen       total 175104K, used 76797K [0x00000006c0000000, 0x00000006cab00000, 0x000000076ab00000)
  object space 175104K, 43% used [0x00000006c0000000,0x00000006c4aff798,0x00000006cab00000)
 Metaspace       used 18445K, capacity 19088K, committed 19328K, reserved 1067008K
  class space    used 2229K, capacity 2393K, committed 2432K, reserved 1048576K
}
Event: 162.544 GC heap before
{Heap before GC invocations=78 (full 0):
 PSYoungGen      total 31744K, used 31424K [0x000000076ab00000, 0x000000076cb00000, 0x00000007c0000000)
  eden space 31232K, 100% used [0x000000076ab00000,0x000000076c980000,0x000000076c980000)
  from space 512K, 37% used [0x000000076ca00000,0x000000076ca30000,0x000000076ca80000)
  to   space 512K, 0% used [0x000000076ca80000,0x000000076ca80000,0x000000076cb00000)
 ParOldGen       total 175104K, used 76797K [0x00000006c0000000, 0x00000006cab00000, 0x000000076ab00000)
  object space 175104K, 43% used [0x00000006c0000000,0x00000006c4aff798,0x00000006cab00000)
 Metaspace       used 18445K, capacity 19088K, committed 19328K, reserved 1067008K
  class space    used 2229K, capacity 2393K, committed 2432K, reserved 1048576K
Event: 162.545 GC heap after
Heap after GC invocations=78 (full 0):
 PSYoungGen      total 31744K, used 128K [0x000000076ab00000, 0x000000076cb00000, 0x00000007c0000000)
  eden space 31232K, 0% used [0x000000076ab00000,0x000000076ab00000,0x000000076c980000)
  from space 512K, 25% used [0x000000076ca80000,0x000000076caa0000,0x000000076cb00000)
  to   space 512K, 0% used [0x000000076ca00000,0x000000076ca00000,0x000000076ca80000)
 ParOldGen       total 175104K, used 76797K [0x00000006c0000000, 0x00000006cab00000, 0x000000076ab00000)
  object space 175104K, 43% used [0x00000006c0000000,0x00000006c4aff798,0x00000006cab00000)
 Metaspace       used 18445K, capacity 19088K, committed 19328K, reserved 1067008K
  class space    used 2229K, capacity 2393K, committed 2432K, reserved 1048576K
}
Event: 164.152 GC heap before
{Heap before GC invocations=79 (full 0):
 PSYoungGen      total 31744K, used 31360K [0x000000076ab00000, 0x000000076cb00000, 0x00000007c0000000)
  eden space 31232K, 100% used [0x000000076ab00000,0x000000076c980000,0x000000076c980000)
  from space 512K, 25% used [0x000000076ca80000,0x000000076caa0000,0x000000076cb00000)
  to   space 512K, 0% used [0x000000076ca00000,0x000000076ca00000,0x000000076ca80000)
 ParOldGen       total 175104K, used 76797K [0x00000006c0000000, 0x00000006cab00000, 0x000000076ab00000)
  object space 175104K, 43% used [0x00000006c0000000,0x00000006c4aff798,0x00000006cab00000)
 Metaspace       used 18445K, capacity 19088K, committed 19328K, reserved 1067008K
  class space    used 2229K, capacity 2393K, committed 2432K, reserved 1048576K
Event: 164.153 GC heap after
Heap after GC invocations=79 (full 0):
 PSYoungGen      total 31744K, used 160K [0x000000076ab00000, 0x000000076cb00000, 0x00000007c0000000)
  eden space 31232K, 0% used [0x000000076ab00000,0x000000076ab00000,0x000000076c980000)
  from space 512K, 31% used [0x000000076ca00000,0x000000076ca28000,0x000000076ca80000)
  to   space 512K, 0% used [0x000000076ca80000,0x000000076ca80000,0x000000076cb00000)
 ParOldGen       total 175104K, used 76797K [0x00000006c0000000, 0x00000006cab00000, 0x000000076ab00000)
  object space 175104K, 43% used [0x00000006c0000000,0x00000006c4aff798,0x00000006cab00000)
 Metaspace       used 18445K, capacity 19088K, committed 19328K, reserved 1067008K
  class space    used 2229K, capacity 2393K, committed 2432K, reserved 1048576K
}
Event: 165.742 GC heap before
{Heap before GC invocations=80 (full 0):
 PSYoungGen      total 31744K, used 31392K [0x000000076ab00000, 0x000000076cb00000, 0x00000007c0000000)
  eden space 31232K, 100% used [0x000000076ab00000,0x000000076c980000,0x000000076c980000)
  from space 512K, 31% used [0x000000076ca00000,0x000000076ca28000,0x000000076ca80000)
  to   space 512K, 0% used [0x000000076ca80000,0x000000076ca80000,0x000000076cb00000)
 ParOldGen       total 175104K, used 76797K [0x00000006c0000000, 0x00000006cab00000, 0x000000076ab00000)
  object space 175104K, 43% used [0x00000006c0000000,0x00000006c4aff798,0x00000006cab00000)
 Metaspace       used 18445K, capacity 19088K, committed 19328K, reserved 1067008K
  class space    used 2229K, capacity 2393K, committed 2432K, reserved 1048576K
Event: 165.743 GC heap after
Heap after GC invocations=80 (full 0):
 PSYoungGen      total 31744K, used 241K [0x000000076ab00000, 0x000000076cb00000, 0x00000007c0000000)
  eden space 31232K, 0% used [0x000000076ab00000,0x000000076ab00000,0x000000076c980000)
  from space 512K, 47% used [0x000000076ca80000,0x000000076cabc410,0x000000076cb00000)
  to   space 512K, 0% used [0x000000076ca00000,0x000000076ca00000,0x000000076ca80000)
 ParOldGen       total 175104K, used 76797K [0x00000006c0000000, 0x00000006cab00000, 0x000000076ab00000)
  object space 175104K, 43% used [0x00000006c0000000,0x00000006c4aff798,0x00000006cab00000)
 Metaspace       used 18445K, capacity 19088K, committed 19328K, reserved 1067008K
  class space    used 2229K, capacity 2393K, committed 2432K, reserved 1048576K
}

